{
  "RSpec": {
    "coverage": {
      "/home/jola/programming/ratebeer2/app/models/rating.rb": [
        1,
        1,
        1,
        null,
        2,
        null,
        1,
        null,
        null,
        null,
        1,
        19,
        null,
        null
      ],
      "/home/jola/programming/ratebeer2/app/helpers/application_helper.rb": [
        1,
        1,
        5,
        null,
        null
      ],
      "/home/jola/programming/ratebeer2/app/helpers/beer_clubs_helper.rb": [
        1,
        null
      ],
      "/home/jola/programming/ratebeer2/app/helpers/beers_helper.rb": [
        1,
        null
      ],
      "/home/jola/programming/ratebeer2/app/helpers/breweries_helper.rb": [
        1,
        null
      ],
      "/home/jola/programming/ratebeer2/app/helpers/memberships_helper.rb": [
        1,
        null
      ],
      "/home/jola/programming/ratebeer2/app/helpers/styles_helper.rb": [
        1,
        null
      ],
      "/home/jola/programming/ratebeer2/app/helpers/users_helper.rb": [
        1,
        null
      ],
      "/home/jola/programming/ratebeer2/app/models/beer.rb": [
        1,
        1,
        1,
        null,
        1,
        1,
        1,
        1,
        null,
        1,
        1,
        null,
        1,
        9,
        null,
        null,
        1,
        1,
        null,
        null
      ],
      "/home/jola/programming/ratebeer2/app/models/concerns/rating_average.rb": [
        1,
        1,
        null,
        1,
        18,
        null,
        null
      ],
      "/home/jola/programming/ratebeer2/app/models/concerns/top_item.rb": [
        1,
        1,
        13,
        null,
        null
      ],
      "/home/jola/programming/ratebeer2/app/models/beer_club.rb": [
        1,
        1,
        1,
        null
      ],
      "/home/jola/programming/ratebeer2/app/controllers/beer_clubs_controller.rb": [
        1,
        1,
        1,
        1,
        null,
        null,
        null,
        1,
        0,
        null,
        null,
        null,
        null,
        1,
        0,
        0,
        null,
        0,
        0,
        null,
        null,
        null,
        null,
        1,
        0,
        null,
        null,
        null,
        1,
        null,
        null,
        null,
        null,
        1,
        0,
        null,
        0,
        0,
        0,
        0,
        null,
        0,
        0,
        null,
        null,
        null,
        null,
        null,
        null,
        1,
        0,
        0,
        0,
        0,
        null,
        0,
        0,
        null,
        null,
        null,
        null,
        null,
        null,
        1,
        0,
        0,
        0,
        0,
        null,
        null,
        null,
        1,
        null,
        1,
        0,
        null,
        null,
        null,
        1,
        0,
        null,
        null
      ],
      "/home/jola/programming/ratebeer2/app/controllers/application_controller.rb": [
        1,
        null,
        null,
        1,
        null,
        1,
        null,
        1,
        123,
        90,
        null,
        null,
        1,
        4,
        null,
        null,
        1,
        0,
        0,
        null,
        null,
        null,
        null
      ],
      "/home/jola/programming/ratebeer2/app/models/brewery.rb": [
        1,
        1,
        1,
        null,
        1,
        54,
        null,
        4,
        4,
        null,
        1,
        1,
        null,
        1,
        1,
        null,
        null
      ],
      "/home/jola/programming/ratebeer2/app/models/user.rb": [
        1,
        1,
        1,
        null,
        1,
        null,
        1,
        1,
        1,
        1,
        null,
        1,
        null,
        null,
        1,
        null,
        1,
        null,
        1,
        10,
        9,
        null,
        null,
        1,
        11,
        10,
        null,
        null,
        14,
        null,
        null,
        24,
        null,
        null,
        1,
        10,
        9,
        null,
        null,
        19,
        null,
        null,
        28,
        null,
        null,
        1,
        40,
        null,
        null,
        1,
        37,
        null,
        null,
        1,
        16,
        55,
        null,
        16,
        null,
        null,
        1,
        21,
        77,
        null,
        21,
        null,
        null,
        1,
        2,
        null,
        null
      ],
      "/home/jola/programming/ratebeer2/app/models/style.rb": [
        1,
        1,
        1,
        null,
        1,
        1,
        null,
        1,
        8,
        null,
        null,
        1,
        1,
        null,
        null
      ],
      "/home/jola/programming/ratebeer2/app/controllers/beers_controller.rb": [
        1,
        1,
        1,
        1,
        1,
        null,
        null,
        null,
        null,
        1,
        5,
        null,
        5,
        null,
        5,
        18,
        0,
        0,
        null,
        null,
        null,
        null,
        null,
        1,
        0,
        0,
        null,
        null,
        null,
        1,
        2,
        null,
        null,
        null,
        1,
        0,
        null,
        null,
        null,
        null,
        1,
        2,
        null,
        2,
        2,
        2,
        1,
        null,
        2,
        1,
        null,
        null,
        null,
        null,
        null,
        null,
        1,
        0,
        0,
        0,
        0,
        null,
        0,
        0,
        null,
        null,
        null,
        null,
        null,
        null,
        1,
        0,
        0,
        0,
        0,
        null,
        null,
        null,
        1,
        null,
        null,
        1,
        null,
        null,
        1,
        1,
        4,
        4,
        null,
        null,
        null,
        1,
        0,
        null,
        null,
        null,
        1,
        2,
        null,
        null
      ],
      "/home/jola/programming/ratebeer2/app/controllers/sessions_controller.rb": [
        1,
        1,
        null,
        null,
        null,
        1,
        8,
        8,
        0,
        8,
        7,
        7,
        null,
        1,
        null,
        null,
        null,
        1,
        null,
        0,
        null,
        0,
        null,
        null
      ],
      "/home/jola/programming/ratebeer2/app/controllers/users_controller.rb": [
        1,
        1,
        1,
        null,
        null,
        null,
        1,
        0,
        null,
        null,
        null,
        null,
        1,
        null,
        null,
        null,
        1,
        1,
        null,
        null,
        null,
        1,
        null,
        null,
        null,
        null,
        1,
        1,
        null,
        1,
        1,
        2,
        1,
        null,
        0,
        0,
        null,
        null,
        null,
        null,
        null,
        null,
        1,
        0,
        0,
        0,
        0,
        null,
        0,
        0,
        null,
        null,
        null,
        null,
        null,
        null,
        1,
        0,
        0,
        0,
        null,
        0,
        0,
        0,
        null,
        null,
        null,
        1,
        0,
        0,
        null,
        0,
        null,
        null,
        1,
        null,
        1,
        14,
        null,
        null,
        null,
        1,
        1,
        null,
        null
      ],
      "/home/jola/programming/ratebeer2/app/models/membership.rb": [
        1,
        1,
        1,
        null
      ],
      "/home/jola/programming/ratebeer2/app/controllers/breweries_controller.rb": [
        1,
        1,
        1,
        1,
        null,
        null,
        null,
        1,
        3,
        3,
        3,
        null,
        3,
        null,
        9,
        0,
        null,
        6,
        null,
        null,
        null,
        15,
        3,
        null,
        3,
        3,
        0,
        null,
        null,
        3,
        3,
        null,
        3,
        0,
        null,
        3,
        null,
        null,
        null,
        null,
        null,
        1,
        null,
        null,
        null,
        1,
        0,
        null,
        null,
        null,
        1,
        null,
        null,
        null,
        null,
        1,
        0,
        null,
        0,
        0,
        0,
        0,
        null,
        0,
        0,
        null,
        null,
        null,
        null,
        1,
        null,
        null,
        null,
        null,
        1,
        0,
        0,
        0,
        0,
        null,
        0,
        0,
        null,
        null,
        null,
        null,
        null,
        null,
        1,
        0,
        0,
        0,
        0,
        null,
        null,
        null,
        1,
        0,
        0,
        null,
        0,
        null,
        0,
        null,
        null,
        1,
        null,
        null,
        1,
        1,
        null,
        null,
        null,
        1,
        0,
        null,
        null
      ],
      "/home/jola/programming/ratebeer2/lib/beermapping_api.rb": [
        1,
        1,
        6,
        10,
        null,
        null,
        1,
        0,
        null,
        null,
        1,
        null,
        1,
        4,
        null,
        4,
        4,
        null,
        4,
        null,
        3,
        3,
        7,
        null,
        null,
        null,
        1,
        0,
        0,
        null,
        null
      ],
      "/home/jola/programming/ratebeer2/app/models/place.rb": [
        1,
        1,
        null,
        1,
        null,
        1,
        6,
        null,
        null
      ],
      "/home/jola/programming/ratebeer2/app/controllers/places_controller.rb": [
        1,
        1,
        null,
        null,
        1,
        0,
        null,
        null,
        1,
        3,
        3,
        1,
        null,
        2,
        2,
        null,
        null,
        null
      ],
      "/home/jola/programming/ratebeer2/app/controllers/ratings_controller.rb": [
        1,
        1,
        1,
        1,
        1,
        1,
        1,
        1,
        null,
        null,
        1,
        1,
        1,
        null,
        null,
        1,
        1,
        null,
        1,
        0,
        1,
        1,
        1,
        null,
        0,
        0,
        null,
        null,
        null,
        1,
        1,
        1,
        1,
        null,
        null
      ]
    },
    "timestamp": 1425312668
  }
}
